<?xml version="1.0" encoding="UTF-8"?>
<!-- Generated by org.testng.reporters.JUnitReportReporter -->
<testsuite hostname="Abhi-PC" failures="0" tests="1" name="shoppingTests.ExtentReports.ExtentReportManager" time="7.034" errors="0" timestamp="2024-07-29T20:27:00 IST" skipped="0">
  <testcase classname="shoppingTests.ExtentReports.ExtentReportManager" name="initialDemo1" time="7.034"/>
  <system-out/>
</testsuite> <!-- shoppingTests.ExtentReports.ExtentReportManager -->
