<?xml version="1.0" encoding="UTF-8"?>
<!-- Generated by org.testng.reporters.JUnitReportReporter -->
<testsuite hostname="Abhi-PC" failures="0" tests="1" name="shoppingsitetests.PlaceOrderTest" time="18.449" errors="0" timestamp="2024-07-28T21:43:01 IST" skipped="0">
  <testcase classname="shoppingsitetests.PlaceOrderTest" name="submitOrder" time="18.449"/>
  <system-out/>
</testsuite> <!-- shoppingsitetests.PlaceOrderTest -->
