<?xml version="1.0" encoding="UTF-8"?>
<!-- Generated by org.testng.reporters.JUnitReportReporter -->
<testsuite hostname="Abhi-PC" failures="0" tests="1" name="shoppingsitetests.ErrorValidations" time="6.824" errors="0" timestamp="2024-07-29T13:38:34 IST" skipped="0">
  <testcase classname="shoppingsitetests.ErrorValidations" name="loginErrorTest" time="6.824"/>
  <system-out/>
</testsuite> <!-- shoppingsitetests.ErrorValidations -->
