<?xml version="1.0" encoding="UTF-8"?>
<!-- Generated by org.testng.reporters.JUnitReportReporter -->
<testsuite hostname="Abhi-PC" failures="0" tests="1" name="practice.ArrayListDemo" time="0.008" errors="0" timestamp="2024-07-27T17:40:52 IST" skipped="0">
  <testcase classname="practice.ArrayListDemo" name="ArrayListTest" time="0.008"/>
  <system-out/>
</testsuite> <!-- practice.ArrayListDemo -->
