<?xml version="1.0" encoding="UTF-8"?>
<!-- Generated by org.testng.reporters.JUnitReportReporter -->
<testsuite hostname="Abhi-PC" failures="0" tests="2" name="shoppingsitetests.PlaceOrderTest" time="38.024" errors="0" timestamp="2024-07-29T17:57:53 IST" skipped="0">
  <testcase classname="shoppingsitetests.PlaceOrderTest" name="submitOrderTest" time="17.592"/>
  <system-out/>
  <testcase classname="shoppingsitetests.PlaceOrderTest" name="submitOrderTest" time="20.432"/>
  <system-out/>
</testsuite> <!-- shoppingsitetests.PlaceOrderTest -->
