<?xml version="1.0" encoding="UTF-8"?>
<!-- Generated by org.testng.reporters.JUnitReportReporter -->
<testsuite hostname="Abhi-PC" failures="0" tests="1" name="practice.StringDemo" time="0.009" errors="0" timestamp="2024-07-27T18:19:41 IST" skipped="0">
  <testcase classname="practice.StringDemo" name="stringDemo" time="0.009"/>
  <system-out/>
</testsuite> <!-- practice.StringDemo -->
