<?xml version="1.0" encoding="UTF-8"?>
<!-- Generated by org.testng.reporters.JUnitReportReporter -->
<testsuite hostname="Abhi-PC" failures="0" tests="1" name="shoppingsitetests.PlaceOrderTest" time="17.897" errors="0" timestamp="2024-07-28T23:40:42 IST" skipped="0">
  <testcase classname="shoppingsitetests.PlaceOrderTest" name="submitOrderTest" time="17.897"/>
  <system-out/>
</testsuite> <!-- shoppingsitetests.PlaceOrderTest -->
