<?xml version="1.0" encoding="UTF-8"?>
<!-- Generated by org.testng.reporters.JUnitReportReporter -->
<testsuite hostname="Abhi-PC" failures="0" tests="2" name="shoppingsitetests.ErrorValidations" time="21.589" errors="0" timestamp="2024-07-28T23:40:42 IST" skipped="0">
  <testcase classname="shoppingsitetests.ErrorValidations" name="productErrorTest" time="16.699"/>
  <system-out/>
  <testcase classname="shoppingsitetests.ErrorValidations" name="loginErrorTest" time="4.890"/>
  <system-out/>
</testsuite> <!-- shoppingsitetests.ErrorValidations -->
